2019/09/23 16:21:20 [error] [php] include(user_courses.php): failed to open stream: No such file or directory (D:\xampp\htdocs\splat\yii\framework\YiiBase.php:863)
Stack trace:
#0 D:\xampp\htdocs\splat\yii\framework\db\ar\CActiveRecord.php(789): spl_autoload_call()
#1 D:\xampp\htdocs\splat\yii\framework\db\ar\CActiveFinder.php(363): model()
#2 D:\xampp\htdocs\splat\yii\framework\db\ar\CActiveFinder.php(459): CActiveFinder->getModel()
#3 D:\xampp\htdocs\splat\yii\framework\db\ar\CActiveFinder.php(597): CActiveFinder->buildJoinTree()
#4 D:\xampp\htdocs\splat\yii\framework\db\ar\CActiveFinder.php(95): CActiveFinder->buildJoinTree()
#5 D:\xampp\htdocs\splat\yii\framework\db\ar\CActiveRecord.php(1823): CActiveFinder->__construct()
#6 D:\xampp\htdocs\splat\yii\framework\db\ar\CActiveRecord.php(2719): Courses->getActiveFinder()
#7 D:\xampp\htdocs\splat\yii\framework\db\ar\CActiveRecord.php(2949): Courses->query()
#8 D:\xampp\htdocs\splat\admin\protected\views\users\_form.php(151): Courses->findAll()
#9 D:\xampp\htdocs\splat\yii\framework\web\CBaseController.php(251): require()
#10 D:\xampp\htdocs\splat\yii\framework\web\CBaseController.php(189): UsersController->renderInternal()
#11 D:\xampp\htdocs\splat\yii\framework\web\CController.php(1737): UsersController->renderFile()
#12 D:\xampp\htdocs\splat\admin\protected\views\users\update.php(12): UsersController->renderPartial()
#13 D:\xampp\htdocs\splat\yii\framework\web\CBaseController.php(251): require()
#14 D:\xampp\htdocs\splat\yii\framework\web\CBaseController.php(189): UsersController->renderInternal()
#15 D:\xampp\htdocs\splat\yii\framework\web\CController.php(1737): UsersController->renderFile()
#16 D:\xampp\htdocs\splat\yii\framework\web\CController.php(1563): UsersController->renderPartial()
#17 D:\xampp\htdocs\splat\admin\protected\controllers\UsersController.php(440): UsersController->render()
#18 unknown(0): UsersController->actionUpdate()
#19 D:\xampp\htdocs\splat\yii\framework\web\actions\CAction.php(217): ReflectionMethod->invokeArgs()
#20 D:\xampp\htdocs\splat\yii\framework\web\actions\CInlineAction.php(93): CInlineAction->runWithParamsInternal()
#21 D:\xampp\htdocs\splat\yii\framework\web\CController.php(615): CInlineAction->runWithParams()
#22 D:\xampp\htdocs\splat\yii\framework\web\filters\CFilterChain.php(265): UsersController->runAction()
#23 D:\xampp\htdocs\splat\yii\framework\web\filters\CFilter.php(79): CFilterChain->run()
#24 D:\xampp\htdocs\splat\yii\framework\web\CController.php(2289): CAccessControlFilter->filter()
#25 D:\xampp\htdocs\splat\yii\framework\web\filters\CInlineFilter.php(115): UsersController->filterAccessControl()
#26 D:\xampp\htdocs\splat\yii\framework\web\filters\CFilterChain.php(259): CInlineFilter->filter()
#27 D:\xampp\htdocs\splat\yii\framework\web\CController.php(581): CFilterChain->run()
#28 D:\xampp\htdocs\splat\yii\framework\web\CController.php(529): UsersController->runActionWithFilters()
#29 D:\xampp\htdocs\splat\yii\framework\web\CWebApplication.php(563): UsersController->run()
#30 D:\xampp\htdocs\splat\yii\framework\web\CWebApplication.php(281): CWebApplication->runController()
#31 D:\xampp\htdocs\splat\yii\framework\base\CApplication.php(369): CWebApplication->processRequest()
#32 D:\xampp\htdocs\splat\admin\index.php(13): CWebApplication->run()
REQUEST_URI=/splat/admin/users/update/548?c=Nw%3D%3D&i=MQ%3D%3D&f=Mg%3D%3D
in D:\xampp\htdocs\splat\admin\protected\views\users\_form.php (151)
in D:\xampp\htdocs\splat\admin\protected\views\users\update.php (12)
in D:\xampp\htdocs\splat\admin\protected\controllers\UsersController.php (440)
2019/09/23 16:27:56 [error] [exception.ParseError] ParseError: syntax error, unexpected 'id' (T_STRING), expecting ']' in D:\xampp\htdocs\splat\admin\protected\views\users\_form.php:161
Stack trace:
#0 D:\xampp\htdocs\splat\yii\framework\web\CBaseController.php(189): CBaseController->renderInternal('D:\\xampp\\htdocs...', Array, true)
#1 D:\xampp\htdocs\splat\yii\framework\web\CController.php(1737): CBaseController->renderFile('D:\\xampp\\htdocs...', Array, true)
#2 D:\xampp\htdocs\splat\admin\protected\views\users\update.php(12): CController->renderPartial('_form', Array)
#3 D:\xampp\htdocs\splat\yii\framework\web\CBaseController.php(251): require('D:\\xampp\\htdocs...')
#4 D:\xampp\htdocs\splat\yii\framework\web\CBaseController.php(189): CBaseController->renderInternal('D:\\xampp\\htdocs...', Array, true)
#5 D:\xampp\htdocs\splat\yii\framework\web\CController.php(1737): CBaseController->renderFile('D:\\xampp\\htdocs...', Array, true)
#6 D:\xampp\htdocs\splat\yii\framework\web\CController.php(1563): CController->renderPartial('update', Array, true)
#7 D:\xampp\htdocs\splat\admin\protected\controllers\UsersController.php(440): CController->render('update', Array)
#8 [internal function]: UsersController->actionUpdate('548')
#9 D:\xampp\htdocs\splat\yii\framework\web\actions\CAction.php(217): ReflectionMethod->invokeArgs(Object(UsersController), Array)
#10 D:\xampp\htdocs\splat\yii\framework\web\actions\CInlineAction.php(93): CAction->runWithParamsInternal(Object(UsersController), Object(ReflectionMethod), Array)
#11 D:\xampp\htdocs\splat\yii\framework\web\CController.php(615): CInlineAction->runWithParams(Array)
#12 D:\xampp\htdocs\splat\yii\framework\web\filters\CFilterChain.php(265): CController->runAction(Object(CInlineAction))
#13 D:\xampp\htdocs\splat\yii\framework\web\filters\CFilter.php(79): CFilterChain->run()
#14 D:\xampp\htdocs\splat\yii\framework\web\CController.php(2289): CFilter->filter(Object(CFilterChain))
#15 D:\xampp\htdocs\splat\yii\framework\web\filters\CInlineFilter.php(115): CController->filterAccessControl(Object(CFilterChain))
#16 D:\xampp\htdocs\splat\yii\framework\web\filters\CFilterChain.php(259): CInlineFilter->filter(Object(CFilterChain))
#17 D:\xampp\htdocs\splat\yii\framework\web\CController.php(581): CFilterChain->run()
#18 D:\xampp\htdocs\splat\yii\framework\web\CController.php(529): CController->runActionWithFilters(Object(CInlineAction), Array)
#19 D:\xampp\htdocs\splat\yii\framework\web\CWebApplication.php(563): CController->run('update')
#20 D:\xampp\htdocs\splat\yii\framework\web\CWebApplication.php(281): CWebApplication->runController('users/update')
#21 D:\xampp\htdocs\splat\yii\framework\base\CApplication.php(369): CWebApplication->processRequest()
#22 D:\xampp\htdocs\splat\admin\index.php(13): CApplication->run()
#23 {main}
REQUEST_URI=/splat/admin/users/update/548?c=Nw%3D%3D&i=MQ%3D%3D&f=Mg%3D%3D
HTTP_REFERER=http://localhost/splat/admin/users/cadmin?i=MQ%3D%3D&f=Mg%3D%3D&c=Nw%3D%3D
---
